{"name":"Log","hostname":"DESKTOP-UFDST20","pid":2964,"level":30,"version":"5.71.0","msg":"Ghost is running in development...","time":"2023-10-31T15:11:10.691Z","v":0}
{"name":"Log","hostname":"DESKTOP-UFDST20","pid":2964,"level":30,"version":"5.71.0","msg":"Listening on: 127.0.0.1:2368","time":"2023-10-31T15:11:10.694Z","v":0}
{"name":"Log","hostname":"DESKTOP-UFDST20","pid":2964,"level":30,"version":"5.71.0","msg":"Url configured as: http://localhost:2368/","time":"2023-10-31T15:11:10.695Z","v":0}
{"name":"Log","hostname":"DESKTOP-UFDST20","pid":2964,"level":30,"version":"5.71.0","msg":"Ctrl+C to shut down","time":"2023-10-31T15:11:10.696Z","v":0}
{"name":"Log","hostname":"DESKTOP-UFDST20","pid":2964,"level":30,"version":"5.71.0","msg":"Ghost server started in 27.24s","time":"2023-10-31T15:11:10.699Z","v":0}
{"name":"Log","hostname":"DESKTOP-UFDST20","pid":2964,"level":40,"version":"5.71.0","msg":"Database state requires initialisation.","time":"2023-10-31T15:11:14.513Z","v":0}
{"name":"Log","hostname":"DESKTOP-UFDST20","pid":2964,"level":30,"version":"5.71.0","msg":"Creating table: newsletters","time":"2023-10-31T15:11:19.391Z","v":0}
{"name":"Log","hostname":"DESKTOP-UFDST20","pid":2964,"level":30,"version":"5.71.0","msg":"Creating table: posts","time":"2023-10-31T15:11:19.948Z","v":0}
{"name":"Log","hostname":"DESKTOP-UFDST20","pid":2964,"level":30,"version":"5.71.0","msg":"Creating table: posts_meta","time":"2023-10-31T15:11:20.773Z","v":0}
{"name":"Log","hostname":"DESKTOP-UFDST20","pid":2964,"level":30,"version":"5.71.0","msg":"Creating table: users","time":"2023-10-31T15:11:20.801Z","v":0}
{"name":"Log","hostname":"DESKTOP-UFDST20","pid":2964,"level":30,"version":"5.71.0","msg":"Creating table: posts_authors","time":"2023-10-31T15:11:20.843Z","v":0}
{"name":"Log","hostname":"DESKTOP-UFDST20","pid":2964,"level":30,"version":"5.71.0","msg":"Creating table: roles","time":"2023-10-31T15:11:20.857Z","v":0}
{"name":"Log","hostname":"DESKTOP-UFDST20","pid":2964,"level":30,"version":"5.71.0","msg":"Creating table: roles_users","time":"2023-10-31T15:11:20.883Z","v":0}
{"name":"Log","hostname":"DESKTOP-UFDST20","pid":2964,"level":30,"version":"5.71.0","msg":"Creating table: permissions","time":"2023-10-31T15:11:20.899Z","v":0}
{"name":"Log","hostname":"DESKTOP-UFDST20","pid":2964,"level":30,"version":"5.71.0","msg":"Creating table: permissions_users","time":"2023-10-31T15:11:20.926Z","v":0}
{"name":"Log","hostname":"DESKTOP-UFDST20","pid":2964,"level":30,"version":"5.71.0","msg":"Creating table: permissions_roles","time":"2023-10-31T15:11:20.940Z","v":0}
{"name":"Log","hostname":"DESKTOP-UFDST20","pid":2964,"level":30,"version":"5.71.0","msg":"Creating table: settings","time":"2023-10-31T15:11:20.956Z","v":0}
{"name":"Log","hostname":"DESKTOP-UFDST20","pid":2964,"level":30,"version":"5.71.0","msg":"Creating table: tags","time":"2023-10-31T15:11:20.982Z","v":0}
{"name":"Log","hostname":"DESKTOP-UFDST20","pid":2964,"level":30,"version":"5.71.0","msg":"Creating table: posts_tags","time":"2023-10-31T15:11:21.007Z","v":0}
{"name":"Log","hostname":"DESKTOP-UFDST20","pid":2964,"level":30,"version":"5.71.0","msg":"Creating table: invites","time":"2023-10-31T15:11:21.021Z","v":0}
{"name":"Log","hostname":"DESKTOP-UFDST20","pid":2964,"level":30,"version":"5.71.0","msg":"Creating table: brute","time":"2023-10-31T15:11:21.060Z","v":0}
{"name":"Log","hostname":"DESKTOP-UFDST20","pid":2964,"level":30,"version":"5.71.0","msg":"Creating table: sessions","time":"2023-10-31T15:11:21.076Z","v":0}
{"name":"Log","hostname":"DESKTOP-UFDST20","pid":2964,"level":30,"version":"5.71.0","msg":"Creating table: integrations","time":"2023-10-31T15:11:21.103Z","v":0}
{"name":"Log","hostname":"DESKTOP-UFDST20","pid":2964,"level":30,"version":"5.71.0","msg":"Creating table: webhooks","time":"2023-10-31T15:11:21.129Z","v":0}
{"name":"Log","hostname":"DESKTOP-UFDST20","pid":2964,"level":30,"version":"5.71.0","msg":"Creating table: api_keys","time":"2023-10-31T15:11:21.144Z","v":0}
{"name":"Log","hostname":"DESKTOP-UFDST20","pid":2964,"level":30,"version":"5.71.0","msg":"Creating table: mobiledoc_revisions","time":"2023-10-31T15:11:21.170Z","v":0}
{"name":"Log","hostname":"DESKTOP-UFDST20","pid":2964,"level":30,"version":"5.71.0","msg":"Creating table: post_revisions","time":"2023-10-31T15:11:21.196Z","v":0}
{"name":"Log","hostname":"DESKTOP-UFDST20","pid":2964,"level":30,"version":"5.71.0","msg":"Creating table: members","time":"2023-10-31T15:11:21.232Z","v":0}
{"name":"Log","hostname":"DESKTOP-UFDST20","pid":2964,"level":30,"version":"5.71.0","msg":"Creating table: products","time":"2023-10-31T15:11:21.401Z","v":0}
{"name":"Log","hostname":"DESKTOP-UFDST20","pid":2964,"level":30,"version":"5.71.0","msg":"Creating table: offers","time":"2023-10-31T15:11:21.428Z","v":0}
{"name":"Log","hostname":"DESKTOP-UFDST20","pid":2964,"level":30,"version":"5.71.0","msg":"Creating table: benefits","time":"2023-10-31T15:11:21.475Z","v":0}
{"name":"Log","hostname":"DESKTOP-UFDST20","pid":2964,"level":30,"version":"5.71.0","msg":"Creating table: products_benefits","time":"2023-10-31T15:11:21.501Z","v":0}
{"name":"Log","hostname":"DESKTOP-UFDST20","pid":2964,"level":30,"version":"5.71.0","msg":"Creating table: members_products","time":"2023-10-31T15:11:21.525Z","v":0}
{"name":"Log","hostname":"DESKTOP-UFDST20","pid":2964,"level":30,"version":"5.71.0","msg":"Creating table: posts_products","time":"2023-10-31T15:11:21.547Z","v":0}
{"name":"Log","hostname":"DESKTOP-UFDST20","pid":2964,"level":30,"version":"5.71.0","msg":"Creating table: members_created_events","time":"2023-10-31T15:11:21.561Z","v":0}
{"name":"Log","hostname":"DESKTOP-UFDST20","pid":2964,"level":30,"version":"5.71.0","msg":"Creating table: members_cancel_events","time":"2023-10-31T15:11:21.575Z","v":0}
{"name":"Log","hostname":"DESKTOP-UFDST20","pid":2964,"level":30,"version":"5.71.0","msg":"Creating table: members_payment_events","time":"2023-10-31T15:11:21.588Z","v":0}
{"name":"Log","hostname":"DESKTOP-UFDST20","pid":2964,"level":30,"version":"5.71.0","msg":"Creating table: members_login_events","time":"2023-10-31T15:11:21.602Z","v":0}
{"name":"Log","hostname":"DESKTOP-UFDST20","pid":2964,"level":30,"version":"5.71.0","msg":"Creating table: members_email_change_events","time":"2023-10-31T15:11:21.615Z","v":0}
{"name":"Log","hostname":"DESKTOP-UFDST20","pid":2964,"level":30,"version":"5.71.0","msg":"Creating table: members_status_events","time":"2023-10-31T15:11:21.631Z","v":0}
{"name":"Log","hostname":"DESKTOP-UFDST20","pid":2964,"level":30,"version":"5.71.0","msg":"Creating table: members_product_events","time":"2023-10-31T15:11:21.645Z","v":0}
{"name":"Log","hostname":"DESKTOP-UFDST20","pid":2964,"level":30,"version":"5.71.0","msg":"Creating table: members_paid_subscription_events","time":"2023-10-31T15:11:21.659Z","v":0}
{"name":"Log","hostname":"DESKTOP-UFDST20","pid":2964,"level":30,"version":"5.71.0","msg":"Creating table: labels","time":"2023-10-31T15:11:21.673Z","v":0}
{"name":"Log","hostname":"DESKTOP-UFDST20","pid":2964,"level":30,"version":"5.71.0","msg":"Creating table: members_labels","time":"2023-10-31T15:11:21.712Z","v":0}
{"name":"Log","hostname":"DESKTOP-UFDST20","pid":2964,"level":30,"version":"5.71.0","msg":"Creating table: members_stripe_customers","time":"2023-10-31T15:11:21.726Z","v":0}
{"name":"Log","hostname":"DESKTOP-UFDST20","pid":2964,"level":30,"version":"5.71.0","msg":"Creating table: subscriptions","time":"2023-10-31T15:11:21.754Z","v":0}
{"name":"Log","hostname":"DESKTOP-UFDST20","pid":2964,"level":30,"version":"5.71.0","msg":"Creating table: members_stripe_customers_subscriptions","time":"2023-10-31T15:11:21.768Z","v":0}
{"name":"Log","hostname":"DESKTOP-UFDST20","pid":2964,"level":30,"version":"5.71.0","msg":"Creating table: members_subscription_created_events","time":"2023-10-31T15:11:21.808Z","v":0}
{"name":"Log","hostname":"DESKTOP-UFDST20","pid":2964,"level":30,"version":"5.71.0","msg":"Creating table: offer_redemptions","time":"2023-10-31T15:11:21.822Z","v":0}
{"name":"Log","hostname":"DESKTOP-UFDST20","pid":2964,"level":30,"version":"5.71.0","msg":"Creating table: members_subscribe_events","time":"2023-10-31T15:11:21.836Z","v":0}
{"name":"Log","hostname":"DESKTOP-UFDST20","pid":2964,"level":30,"version":"5.71.0","msg":"Creating table: donation_payment_events","time":"2023-10-31T15:11:21.848Z","v":0}
{"name":"Log","hostname":"DESKTOP-UFDST20","pid":2964,"level":30,"version":"5.71.0","msg":"Creating table: stripe_products","time":"2023-10-31T15:11:21.863Z","v":0}
{"name":"Log","hostname":"DESKTOP-UFDST20","pid":2964,"level":30,"version":"5.71.0","msg":"Creating table: stripe_prices","time":"2023-10-31T15:11:21.887Z","v":0}
{"name":"Log","hostname":"DESKTOP-UFDST20","pid":2964,"level":30,"version":"5.71.0","msg":"Creating table: actions","time":"2023-10-31T15:11:21.912Z","v":0}
{"name":"Log","hostname":"DESKTOP-UFDST20","pid":2964,"level":30,"version":"5.71.0","msg":"Creating table: emails","time":"2023-10-31T15:11:21.925Z","v":0}
{"name":"Log","hostname":"DESKTOP-UFDST20","pid":2964,"level":30,"version":"5.71.0","msg":"Creating table: email_batches","time":"2023-10-31T15:11:21.963Z","v":0}
{"name":"Log","hostname":"DESKTOP-UFDST20","pid":2964,"level":30,"version":"5.71.0","msg":"Creating table: email_recipients","time":"2023-10-31T15:11:21.977Z","v":0}
{"name":"Log","hostname":"DESKTOP-UFDST20","pid":2964,"level":30,"version":"5.71.0","msg":"Creating table: email_recipient_failures","time":"2023-10-31T15:11:22.048Z","v":0}
{"name":"Log","hostname":"DESKTOP-UFDST20","pid":2964,"level":30,"version":"5.71.0","msg":"Creating table: tokens","time":"2023-10-31T15:11:22.062Z","v":0}
{"name":"Log","hostname":"DESKTOP-UFDST20","pid":2964,"level":30,"version":"5.71.0","msg":"Creating table: snippets","time":"2023-10-31T15:11:22.088Z","v":0}
{"name":"Log","hostname":"DESKTOP-UFDST20","pid":2964,"level":30,"version":"5.71.0","msg":"Creating table: custom_theme_settings","time":"2023-10-31T15:11:22.115Z","v":0}
{"name":"Log","hostname":"DESKTOP-UFDST20","pid":2964,"level":30,"version":"5.71.0","msg":"Creating table: members_newsletters","time":"2023-10-31T15:11:22.129Z","v":0}
{"name":"Log","hostname":"DESKTOP-UFDST20","pid":2964,"level":30,"version":"5.71.0","msg":"Creating table: comments","time":"2023-10-31T15:11:22.145Z","v":0}
{"name":"Log","hostname":"DESKTOP-UFDST20","pid":2964,"level":30,"version":"5.71.0","msg":"Creating table: comment_likes","time":"2023-10-31T15:11:22.161Z","v":0}
{"name":"Log","hostname":"DESKTOP-UFDST20","pid":2964,"level":30,"version":"5.71.0","msg":"Creating table: comment_reports","time":"2023-10-31T15:11:22.175Z","v":0}
{"name":"Log","hostname":"DESKTOP-UFDST20","pid":2964,"level":30,"version":"5.71.0","msg":"Creating table: jobs","time":"2023-10-31T15:11:22.190Z","v":0}
{"name":"Log","hostname":"DESKTOP-UFDST20","pid":2964,"level":30,"version":"5.71.0","msg":"Creating table: redirects","time":"2023-10-31T15:11:22.216Z","v":0}
{"name":"Log","hostname":"DESKTOP-UFDST20","pid":2964,"level":30,"version":"5.71.0","msg":"Creating table: members_click_events","time":"2023-10-31T15:11:22.230Z","v":0}
{"name":"Log","hostname":"DESKTOP-UFDST20","pid":2964,"level":30,"version":"5.71.0","msg":"Creating table: members_feedback","time":"2023-10-31T15:11:22.242Z","v":0}
{"name":"Log","hostname":"DESKTOP-UFDST20","pid":2964,"level":30,"version":"5.71.0","msg":"Creating table: suppressions","time":"2023-10-31T15:11:22.256Z","v":0}
{"name":"Log","hostname":"DESKTOP-UFDST20","pid":2964,"level":30,"version":"5.71.0","msg":"Creating table: email_spam_complaint_events","time":"2023-10-31T15:11:22.282Z","v":0}
{"name":"Log","hostname":"DESKTOP-UFDST20","pid":2964,"level":30,"version":"5.71.0","msg":"Creating table: mentions","time":"2023-10-31T15:11:22.305Z","v":0}
{"name":"Log","hostname":"DESKTOP-UFDST20","pid":2964,"level":30,"version":"5.71.0","msg":"Creating table: milestones","time":"2023-10-31T15:11:22.317Z","v":0}
{"name":"Log","hostname":"DESKTOP-UFDST20","pid":2964,"level":30,"version":"5.71.0","msg":"Creating table: temp_mail_events","time":"2023-10-31T15:11:22.329Z","v":0}
{"name":"Log","hostname":"DESKTOP-UFDST20","pid":2964,"level":30,"version":"5.71.0","msg":"Creating table: collections","time":"2023-10-31T15:11:22.342Z","v":0}
{"name":"Log","hostname":"DESKTOP-UFDST20","pid":2964,"level":30,"version":"5.71.0","msg":"Creating table: collections_posts","time":"2023-10-31T15:11:22.368Z","v":0}
{"name":"Log","hostname":"DESKTOP-UFDST20","pid":2964,"level":30,"version":"5.71.0","msg":"Creating table: recommendations","time":"2023-10-31T15:11:22.381Z","v":0}
{"name":"Log","hostname":"DESKTOP-UFDST20","pid":2964,"level":30,"version":"5.71.0","msg":"Creating table: recommendation_click_events","time":"2023-10-31T15:11:22.396Z","v":0}
{"name":"Log","hostname":"DESKTOP-UFDST20","pid":2964,"level":30,"version":"5.71.0","msg":"Creating table: recommendation_subscribe_events","time":"2023-10-31T15:11:22.410Z","v":0}
{"name":"Log","hostname":"DESKTOP-UFDST20","pid":2964,"level":30,"version":"5.71.0","msg":"Model: Collection","time":"2023-10-31T15:11:23.222Z","v":0}
{"name":"Log","hostname":"DESKTOP-UFDST20","pid":2964,"level":30,"version":"5.71.0","msg":"Model: Product","time":"2023-10-31T15:11:23.234Z","v":0}
{"name":"Log","hostname":"DESKTOP-UFDST20","pid":2964,"level":30,"version":"5.71.0","msg":"Model: Newsletter","time":"2023-10-31T15:11:23.254Z","v":0}
{"name":"Log","hostname":"DESKTOP-UFDST20","pid":2964,"level":30,"version":"5.71.0","msg":"Model: Tag","time":"2023-10-31T15:11:23.266Z","v":0}
{"name":"Log","hostname":"DESKTOP-UFDST20","pid":2964,"level":30,"version":"5.71.0","msg":"Model: Permission","time":"2023-10-31T15:11:23.279Z","v":0}
{"name":"Log","hostname":"DESKTOP-UFDST20","pid":2964,"level":30,"version":"5.71.0","msg":"Model: Post","time":"2023-10-31T15:11:23.906Z","v":0}
{"name":"Log","hostname":"DESKTOP-UFDST20","pid":2964,"level":30,"version":"5.71.0","msg":"Model: Integration","time":"2023-10-31T15:11:34.227Z","v":0}
{"name":"Log","hostname":"DESKTOP-UFDST20","pid":2964,"level":30,"version":"5.71.0","msg":"Relation: Role to Permission","time":"2023-10-31T15:11:34.311Z","v":0}
{"name":"Log","hostname":"DESKTOP-UFDST20","pid":2964,"level":30,"version":"5.71.0","msg":"Relation: Post to Tag","time":"2023-10-31T15:11:34.628Z","v":0}
{"name":"Log","hostname":"DESKTOP-UFDST20","pid":2964,"level":30,"version":"5.71.0","msg":"Database is in a ready state.","time":"2023-10-31T15:11:34.784Z","v":0}
{"name":"Log","hostname":"DESKTOP-UFDST20","pid":2964,"level":30,"version":"5.71.0","msg":"Ghost database ready in 51.327s","time":"2023-10-31T15:11:34.786Z","v":0}
{"name":"Log","hostname":"DESKTOP-UFDST20","pid":2964,"level":50,"version":"5.71.0","err":{"id":"cdf363f0-77ff-11ee-8ec0-d7a887807897","domain":"http://localhost:2368/","code":"ENOENT","name":"InternalServerError","statusCode":500,"level":"critical","message":"Unable to activate the theme \"source\".","stack":"Error: ENOENT: no such file or directory, copyfile 'C:\\Users\\KH\\Desktop\\MyPage\\versions\\5.71.0\\core\\frontend\\src\\admin-auth\\index.html' -> 'C:\\Users\\KH\\Desktop\\MyPage\\content\\public\\admin-auth\\index.html'\n    at Bridge.activateTheme (C:\\Users\\KH\\Desktop\\MyPage\\versions\\5.71.0\\core\\bridge.js:76:27)","hideStack":false},"msg":"Unable to activate the theme \"source\".","time":"2023-10-31T15:11:45.074Z","v":0}
{"name":"Log","hostname":"DESKTOP-UFDST20","pid":2964,"level":30,"version":"5.71.0","msg":"Ghost URL Service Ready in 68.539s","time":"2023-10-31T15:11:51.997Z","v":0}
{"name":"Log","hostname":"DESKTOP-UFDST20","pid":2964,"level":30,"version":"5.71.0","msg":"Adding offloaded job to the queue","time":"2023-10-31T15:11:54.844Z","v":0}
{"name":"Log","hostname":"DESKTOP-UFDST20","pid":2964,"level":30,"version":"5.71.0","msg":"Scheduling job mentions-email-report at 58 24 * * * *. Next run on: Tue Oct 31 2023 23:24:58 GMT+0800 (台北標準時間)","time":"2023-10-31T15:11:54.861Z","v":0}
{"name":"Log","hostname":"DESKTOP-UFDST20","pid":2964,"level":30,"version":"5.71.0","msg":"Adding one-off job to queue with current length = 0 called 'members-migrations'","time":"2023-10-31T15:12:00.178Z","v":0}
{"name":"Log","hostname":"DESKTOP-UFDST20","pid":2964,"level":30,"version":"5.71.0","msg":"Stripe not configured - skipping migrations","time":"2023-10-31T15:12:00.198Z","v":0}
{"name":"Log","hostname":"DESKTOP-UFDST20","pid":2964,"level":30,"version":"5.71.0","msg":"Adding offloaded job to the queue","time":"2023-10-31T15:12:00.567Z","v":0}
{"name":"Log","hostname":"DESKTOP-UFDST20","pid":2964,"level":30,"version":"5.71.0","msg":"Scheduling job clean-expired-comped at 7 21 1 * * *. Next run on: Wed Nov 01 2023 01:21:07 GMT+0800 (台北標準時間)","time":"2023-10-31T15:12:00.572Z","v":0}
{"name":"Log","hostname":"DESKTOP-UFDST20","pid":2964,"level":30,"version":"5.71.0","msg":"Adding offloaded job to the queue","time":"2023-10-31T15:12:00.580Z","v":0}
{"name":"Log","hostname":"DESKTOP-UFDST20","pid":2964,"level":30,"version":"5.71.0","msg":"Scheduling job clean-tokens at 1 14 20 * * *. Next run on: Wed Nov 01 2023 20:14:01 GMT+0800 (台北標準時間)","time":"2023-10-31T15:12:00.584Z","v":0}
{"name":"Log","hostname":"DESKTOP-UFDST20","pid":2964,"level":30,"version":"5.71.0","msg":"Ghost booted in 77.136s","time":"2023-10-31T15:12:00.595Z","v":0}
{"name":"Log","hostname":"DESKTOP-UFDST20","pid":2964,"level":30,"version":"5.71.0","msg":"Adding offloaded job to the queue","time":"2023-10-31T15:12:00.603Z","v":0}
{"name":"Log","hostname":"DESKTOP-UFDST20","pid":2964,"level":30,"version":"5.71.0","msg":"Scheduling job update-check at 50 49 1 * * *. Next run on: Wed Nov 01 2023 01:49:50 GMT+0800 (台北標準時間)","time":"2023-10-31T15:12:00.609Z","v":0}
{"name":"Log","hostname":"DESKTOP-UFDST20","pid":2964,"level":30,"version":"5.71.0","msg":"Running milestone emails job on Tue Oct 31 2023 23:12:05 GMT+0800 (台北標準時間)","time":"2023-10-31T15:12:00.632Z","v":0}
{"name":"Log","hostname":"DESKTOP-UFDST20","pid":2964,"level":30,"version":"5.71.0","msg":"Updating incoming recommendations on boot","time":"2023-10-31T15:16:02.731Z","v":0}
{"name":"Log","hostname":"DESKTOP-UFDST20","pid":2964,"level":30,"version":"5.71.0","worker":{"resourceLimits":{"maxYoungGenerationSizeMb":48,"maxOldGenerationSizeMb":4096,"codeRangeSizeMb":0,"stackSizeMb":4},"threadId":1},"msg":"Worker for job \"mentions-email-report\" online","time":"2023-10-31T15:24:58.950Z","v":0}
{"name":"Log","hostname":"DESKTOP-UFDST20","pid":2964,"level":30,"version":"5.71.0","msg":"Worker for job mentions-email-report sent a message: done","time":"2023-10-31T15:24:58.961Z","v":0}
